[debug] [2025-04-16T06:14:15.872Z] ----------------------------------------------------------------------
[debug] [2025-04-16T06:14:15.874Z] Command:       C:\NodeJS\node.exe C:\Users\TT-USER1\AppData\Roaming\npm\node_modules\firebase-tools\lib\bin\firebase.js login
[debug] [2025-04-16T06:14:15.874Z] CLI Version:   14.1.0
[debug] [2025-04-16T06:14:15.874Z] Platform:      win32
[debug] [2025-04-16T06:14:15.874Z] Node Version:  v23.11.0
[debug] [2025-04-16T06:14:15.875Z] Time:          Wed Apr 16 2025 11:44:15 GMT+0530 (India Standard Time)
[debug] [2025-04-16T06:14:15.875Z] ----------------------------------------------------------------------
[debug] 
[info] i  Firebase optionally collects CLI and Emulator Suite usage and error reporting information to help improve our products. Data is collected in accordance with Google's privacy policy (https://policies.google.com/privacy) and is not used to identify you.
 
[info] 
[info] Visit this URL on this device to log in:
[info] https://accounts.google.com/o/oauth2/auth?client_id=563584335869-fgrhgmd47bqnekij5i8b5pr03ho849e6.apps.googleusercontent.com&scope=email%20openid%20https%3A%2F%2Fwww.googleapis.com%2Fauth%2Fcloudplatformprojects.readonly%20https%3A%2F%2Fwww.googleapis.com%2Fauth%2Ffirebase%20https%3A%2F%2Fwww.googleapis.com%2Fauth%2Fcloud-platform&response_type=code&state=709070362&redirect_uri=http%3A%2F%2Flocalhost%3A9005
[info] 
[info] Waiting for authentication...
[debug] [2025-04-16T06:14:18.705Z] Error: spawn cmd ENOENT
    at ChildProcess._handle.onexit (node:internal/child_process:286:19)
    at onErrorNT (node:internal/child_process:484:16)
    at process.processTicksAndRejections (node:internal/process/task_queues:90:21)
[error] 
[error] Error: An unexpected error has occurred.
[debug] [2025-04-16T06:14:29.929Z] ----------------------------------------------------------------------
[debug] [2025-04-16T06:14:29.931Z] Command:       C:\NodeJS\node.exe C:\Users\TT-USER1\AppData\Roaming\npm\node_modules\firebase-tools\lib\bin\firebase.js login --reauth
[debug] [2025-04-16T06:14:29.931Z] CLI Version:   14.1.0
[debug] [2025-04-16T06:14:29.931Z] Platform:      win32
[debug] [2025-04-16T06:14:29.932Z] Node Version:  v23.11.0
[debug] [2025-04-16T06:14:29.932Z] Time:          Wed Apr 16 2025 11:44:29 GMT+0530 (India Standard Time)
[debug] [2025-04-16T06:14:29.932Z] ----------------------------------------------------------------------
[debug] 
[info] 
[info] Visit this URL on this device to log in:
[info] https://accounts.google.com/o/oauth2/auth?client_id=563584335869-fgrhgmd47bqnekij5i8b5pr03ho849e6.apps.googleusercontent.com&scope=email%20openid%20https%3A%2F%2Fwww.googleapis.com%2Fauth%2Fcloudplatformprojects.readonly%20https%3A%2F%2Fwww.googleapis.com%2Fauth%2Ffirebase%20https%3A%2F%2Fwww.googleapis.com%2Fauth%2Fcloud-platform&response_type=code&state=595130681&redirect_uri=http%3A%2F%2Flocalhost%3A9005
[info] 
[info] Waiting for authentication...
[debug] [2025-04-16T06:14:29.953Z] Error: spawn cmd ENOENT
    at ChildProcess._handle.onexit (node:internal/child_process:286:19)
    at onErrorNT (node:internal/child_process:484:16)
    at process.processTicksAndRejections (node:internal/process/task_queues:90:21)
[error] 
[error] Error: An unexpected error has occurred.
[debug] [2025-04-16T06:14:39.929Z] ----------------------------------------------------------------------
[debug] [2025-04-16T06:14:39.931Z] Command:       C:\NodeJS\node.exe C:\Users\TT-USER1\AppData\Roaming\npm\node_modules\firebase-tools\lib\bin\firebase.js login --reauth
[debug] [2025-04-16T06:14:39.931Z] CLI Version:   14.1.0
[debug] [2025-04-16T06:14:39.931Z] Platform:      win32
[debug] [2025-04-16T06:14:39.931Z] Node Version:  v23.11.0
[debug] [2025-04-16T06:14:39.931Z] Time:          Wed Apr 16 2025 11:44:39 GMT+0530 (India Standard Time)
[debug] [2025-04-16T06:14:39.931Z] ----------------------------------------------------------------------
[debug] 
[info] 
[info] Visit this URL on this device to log in:
[info] https://accounts.google.com/o/oauth2/auth?client_id=563584335869-fgrhgmd47bqnekij5i8b5pr03ho849e6.apps.googleusercontent.com&scope=email%20openid%20https%3A%2F%2Fwww.googleapis.com%2Fauth%2Fcloudplatformprojects.readonly%20https%3A%2F%2Fwww.googleapis.com%2Fauth%2Ffirebase%20https%3A%2F%2Fwww.googleapis.com%2Fauth%2Fcloud-platform&response_type=code&state=243874935&redirect_uri=http%3A%2F%2Flocalhost%3A9005
[info] 
[info] Waiting for authentication...
[debug] [2025-04-16T06:14:39.953Z] Error: spawn cmd ENOENT
    at ChildProcess._handle.onexit (node:internal/child_process:286:19)
    at onErrorNT (node:internal/child_process:484:16)
    at process.processTicksAndRejections (node:internal/process/task_queues:90:21)
[error] 
[error] Error: An unexpected error has occurred.
